E:\COCOS2DSTUDY\HELLOWORLD\CHAPTER2_4_HELLOWORLD\PROJ.WIN32\DEBUG.WIN32\VC110.PDB
E:\COCOS2DSTUDY\HELLOWORLD\CHAPTER_NEWPROJECT\PROJ.WIN32\DEBUG.WIN32\HELLOWORLDSCENE.OBJ
E:\COCOS2DSTUDY\HELLOWORLD\CHAPTER_NEWPROJECT\PROJ.WIN32\DEBUG.WIN32\MAIN.OBJ
E:\COCOS2DSTUDY\HELLOWORLD\CHAPTER_NEWPROJECT\PROJ.WIN32\DEBUG.WIN32\APPDELEGATE.OBJ
E:\COCOS2DSTUDY\HELLOWORLD\CHAPTER_NEWPROJECT\PROJ.WIN32\DEBUG.WIN32\VC110.PDB
E:\COCOS2DSTUDY\HELLOWORLD\CHAPTER8_1_RUNRUNRUN\PROJ.WIN32\DEBUG.WIN32\HELLOWORLDSCENE.OBJ
E:\COCOS2DSTUDY\HELLOWORLD\CHAPTER8_1_RUNRUNRUN\PROJ.WIN32\DEBUG.WIN32\APPDELEGATE.OBJ
E:\COCOS2DSTUDY\HELLOWORLD\CHAPTER8_1_RUNRUNRUN\PROJ.WIN32\DEBUG.WIN32\MAIN.OBJ
E:\COCOS2DSTUDY\HELLOWORLD\CHAPTER8_1_RUNRUNRUN\PROJ.WIN32\DEBUG.WIN32\VC110.PDB
E:\COCOS2DSTUDY\HELLOWORLD\CHAPTER8_1_RUNRUNRUN\PROJ.WIN32\DEBUG.WIN32\TOLLGATESCENE.OBJ
E:\COCOS2DSTUDY\HELLOWORLD\PROJ.WIN32\DEBUG.WIN32\CHAPTER2_4_HELLOWORLD.ILK
E:\COCOS2DSTUDY\HELLOWORLD\PROJ.WIN32\DEBUG.WIN32\CHAPTER2_4_HELLOWORLD.EXE
E:\COCOS2DSTUDY\HELLOWORLD\PROJ.WIN32\DEBUG.WIN32\CHAPTER2_4_HELLOWORLD.PDB
E:\COCOS2DSTUDY\HELLOWORLD\PROJ.WIN32\DEBUG.WIN32\CHAPTER_NEWPROJECT.ILK
E:\COCOS2DSTUDY\HELLOWORLD\PROJ.WIN32\DEBUG.WIN32\CHAPTER_NEWPROJECT.EXE
E:\COCOS2DSTUDY\HELLOWORLD\PROJ.WIN32\DEBUG.WIN32\CHAPTER_NEWPROJECT.PDB
E:\COCOS2DSTUDY\HELLOWORLD\PROJ.WIN32\DEBUG.WIN32\CHAPTER8_1_RUNRUNRUN.ILK
E:\COCOS2DSTUDY\HELLOWORLD\PROJ.WIN32\DEBUG.WIN32\CHAPTER8_1_RUNRUNRUN.EXE
E:\COCOS2DSTUDY\HELLOWORLD\PROJ.WIN32\DEBUG.WIN32\CHAPTER8_1_RUNRUNRUN.PDB
E:\COCOS2DSTUDY\HELLOWORLD\CHAPTER2_4_HELLOWORLD\PROJ.WIN32\DEBUG.WIN32\GAME.RES
E:\COCOS2DSTUDY\HELLOWORLD\CHAPTER_NEWPROJECT\PROJ.WIN32\DEBUG.WIN32\GAME.RES
E:\COCOS2DSTUDY\HELLOWORLD\CHAPTER8_1_RUNRUNRUN\PROJ.WIN32\DEBUG.WIN32\GAME.RES
E:\Cocos2dStudy\HelloWorld\Chapter8_1_RunRunRun\proj.win32\Debug.win32\Chapter2_4_HelloWorld.vcxprojResolveAssemblyReference.cache
E:\Cocos2dStudy\HelloWorld\Chapter8_1_RunRunRun\proj.win32\Debug.win32\Chapter8_1_RunRunRun.vcxprojResolveAssemblyReference.cache
E:\Cocos2dStudy\HelloWorld\Chapter8_1_RunRunRun\proj.win32\Debug.win32\Chapter_NewProject.vcxprojResolveAssemblyReference.cache
E:\Cocos2dStudy\HelloWorld\Chapter8_1_RunRunRun\proj.win32\Debug.win32\AppDelegate.obj
E:\Cocos2dStudy\HelloWorld\Chapter8_1_RunRunRun\proj.win32\Debug.win32\HelloWorldScene.obj
E:\Cocos2dStudy\HelloWorld\Chapter8_1_RunRunRun\proj.win32\Debug.win32\main.obj
E:\Cocos2dStudy\HelloWorld\Chapter8_1_RunRunRun\proj.win32\Debug.win32\TollgateScene.obj
E:\Cocos2dStudy\HelloWorld\Chapter8_1_RunRunRun\proj.win32\Debug.win32\CL.2228.read.1.tlog
E:\Cocos2dStudy\HelloWorld\Chapter8_1_RunRunRun\proj.win32\Debug.win32\CL.2228.write.1.tlog
E:\Cocos2dStudy\HelloWorld\Chapter8_1_RunRunRun\proj.win32\Debug.win32\CL.2348.read.1.tlog
E:\Cocos2dStudy\HelloWorld\Chapter8_1_RunRunRun\proj.win32\Debug.win32\CL.2348.write.1.tlog
E:\Cocos2dStudy\HelloWorld\Chapter8_1_RunRunRun\proj.win32\Debug.win32\CL.4416.read.1.tlog
E:\Cocos2dStudy\HelloWorld\Chapter8_1_RunRunRun\proj.win32\Debug.win32\CL.4416.write.1.tlog
E:\Cocos2dStudy\HelloWorld\Chapter8_1_RunRunRun\proj.win32\Debug.win32\CL.5160.read.1.tlog
E:\Cocos2dStudy\HelloWorld\Chapter8_1_RunRunRun\proj.win32\Debug.win32\CL.5160.write.1.tlog
E:\Cocos2dStudy\HelloWorld\Chapter8_1_RunRunRun\proj.win32\Debug.win32\CL.5240.read.1.tlog
E:\Cocos2dStudy\HelloWorld\Chapter8_1_RunRunRun\proj.win32\Debug.win32\CL.5240.write.1.tlog
E:\Cocos2dStudy\HelloWorld\Chapter8_1_RunRunRun\proj.win32\Debug.win32\CL.6768.read.1.tlog
E:\Cocos2dStudy\HelloWorld\Chapter8_1_RunRunRun\proj.win32\Debug.win32\CL.6768.write.1.tlog
E:\Cocos2dStudy\HelloWorld\Chapter8_1_RunRunRun\proj.win32\Debug.win32\CL.6888.read.1.tlog
E:\Cocos2dStudy\HelloWorld\Chapter8_1_RunRunRun\proj.win32\Debug.win32\CL.6888.write.1.tlog
E:\Cocos2dStudy\HelloWorld\Chapter8_1_RunRunRun\proj.win32\Debug.win32\CL.6996.read.1.tlog
E:\Cocos2dStudy\HelloWorld\Chapter8_1_RunRunRun\proj.win32\Debug.win32\CL.6996.write.1.tlog
E:\Cocos2dStudy\HelloWorld\Chapter8_1_RunRunRun\proj.win32\Debug.win32\cl.command.1.tlog
E:\Cocos2dStudy\HelloWorld\Chapter8_1_RunRunRun\proj.win32\Debug.win32\CL.read.1.tlog
E:\Cocos2dStudy\HelloWorld\Chapter8_1_RunRunRun\proj.win32\Debug.win32\cl.write.1.tlog
E:\Cocos2dStudy\HelloWorld\Chapter8_1_RunRunRun\proj.win32\Debug.win32\link-cvtres.read.1.tlog
E:\Cocos2dStudy\HelloWorld\Chapter8_1_RunRunRun\proj.win32\Debug.win32\link-cvtres.write.1.tlog
E:\Cocos2dStudy\HelloWorld\Chapter8_1_RunRunRun\proj.win32\Debug.win32\link-rc.read.1.tlog
E:\Cocos2dStudy\HelloWorld\Chapter8_1_RunRunRun\proj.win32\Debug.win32\link-rc.write.1.tlog
E:\Cocos2dStudy\HelloWorld\Chapter8_1_RunRunRun\proj.win32\Debug.win32\link.4912-cvtres.read.1.tlog
E:\Cocos2dStudy\HelloWorld\Chapter8_1_RunRunRun\proj.win32\Debug.win32\link.4912-cvtres.write.1.tlog
E:\Cocos2dStudy\HelloWorld\Chapter8_1_RunRunRun\proj.win32\Debug.win32\link.4912-rc.read.1.tlog
E:\Cocos2dStudy\HelloWorld\Chapter8_1_RunRunRun\proj.win32\Debug.win32\link.4912-rc.write.1.tlog
E:\Cocos2dStudy\HelloWorld\Chapter8_1_RunRunRun\proj.win32\Debug.win32\link.4912.read.1.tlog
E:\Cocos2dStudy\HelloWorld\Chapter8_1_RunRunRun\proj.win32\Debug.win32\link.4912.write.1.tlog
E:\Cocos2dStudy\HelloWorld\Chapter8_1_RunRunRun\proj.win32\Debug.win32\link.6932-cvtres.read.1.tlog
E:\Cocos2dStudy\HelloWorld\Chapter8_1_RunRunRun\proj.win32\Debug.win32\link.6932-cvtres.write.1.tlog
E:\Cocos2dStudy\HelloWorld\Chapter8_1_RunRunRun\proj.win32\Debug.win32\link.6932-rc.read.1.tlog
E:\Cocos2dStudy\HelloWorld\Chapter8_1_RunRunRun\proj.win32\Debug.win32\link.6932-rc.write.1.tlog
E:\Cocos2dStudy\HelloWorld\Chapter8_1_RunRunRun\proj.win32\Debug.win32\link.6932.read.1.tlog
E:\Cocos2dStudy\HelloWorld\Chapter8_1_RunRunRun\proj.win32\Debug.win32\link.6932.write.1.tlog
E:\Cocos2dStudy\HelloWorld\Chapter8_1_RunRunRun\proj.win32\Debug.win32\link.command.1.tlog
E:\Cocos2dStudy\HelloWorld\Chapter8_1_RunRunRun\proj.win32\Debug.win32\link.read.1.tlog
E:\Cocos2dStudy\HelloWorld\Chapter8_1_RunRunRun\proj.win32\Debug.win32\link.write.1.tlog
E:\Cocos2dStudy\HelloWorld\Chapter8_1_RunRunRun\proj.win32\Debug.win32\rc.command.1.tlog
E:\Cocos2dStudy\HelloWorld\Chapter8_1_RunRunRun\proj.win32\Debug.win32\rc.read.1.tlog
E:\Cocos2dStudy\HelloWorld\Chapter8_1_RunRunRun\proj.win32\Debug.win32\rc.write.1.tlog
E:\Cocos2dStudy\HelloWorld\Chapter8_1_RunRunRun\proj.win32\Debug.win32\game.res
E:\Cocos2dStudy\HelloWorld\Chapter8_1_RunRunRun\proj.win32\Debug.win32\vc110.idb
E:\Cocos2dStudy\HelloWorld\Chapter8_1_RunRunRun\proj.win32\Debug.win32\vc110.pdb
E:\Cocos2dStudy\HelloWorld\proj.win32\Debug.win32\Chapter8_1_RunRunRun.pdb
E:\Cocos2dStudy\HelloWorld\proj.win32\Debug.win32\Chapter8_1_RunRunRun.exe
E:\Cocos2dStudy\HelloWorld\proj.win32\Debug.win32\Chapter8_1_RunRunRun.ilk
